2023-10-06 14:14:30.075 [info] Log level: Info
2023-10-06 14:14:30.075 [info] Validating found git in: "git"
2023-10-06 14:14:30.075 [info] Using git "2.39.3" from "git"
2023-10-06 14:14:30.081 [info] > git rev-parse --show-toplevel [9ms]
2023-10-06 14:14:30.102 [info] > git rev-parse --show-toplevel [3ms]
2023-10-06 14:14:30.113 [info] > git rev-parse --show-toplevel [5ms]
2023-10-06 14:14:30.122 [info] > git rev-parse --show-toplevel [3ms]
2023-10-06 14:14:30.130 [info] > git rev-parse --show-toplevel [2ms]
2023-10-06 14:14:30.145 [info] > git rev-parse --show-toplevel [3ms]
2023-10-06 14:14:30.168 [info] > git rev-parse --show-toplevel [10ms]
2023-10-06 14:14:30.177 [info] > git rev-parse --show-toplevel [2ms]
2023-10-06 14:14:30.189 [info] > git rev-parse --show-toplevel [5ms]
2023-10-06 14:14:30.202 [info] > git rev-parse --show-toplevel [6ms]
2023-10-06 14:14:30.216 [info] > git rev-parse --show-toplevel [6ms]
2023-10-06 14:14:30.224 [info] > git rev-parse --show-toplevel [3ms]
2023-10-06 14:14:30.234 [info] > git rev-parse --show-toplevel [4ms]
2023-10-06 14:14:30.240 [info] > git rev-parse --show-toplevel [2ms]
2023-10-06 14:14:30.248 [info] > git rev-parse --show-toplevel [3ms]
2023-10-06 14:14:30.262 [info] > git rev-parse --show-toplevel [8ms]
2023-10-06 14:14:30.270 [info] > git rev-parse --show-toplevel [2ms]
2023-10-06 14:14:30.276 [info] > git rev-parse --show-toplevel [1ms]
2023-10-06 14:14:36.224 [info] > git rev-parse --show-toplevel [2ms]
2023-10-06 14:14:45.089 [info] > git rev-parse --show-toplevel [2ms]
2023-10-06 14:14:45.108 [info] > git rev-parse --git-dir --git-common-dir [1ms]
2023-10-06 14:14:45.122 [info] Open repository: /root/it3038c-scripts
2023-10-06 14:14:45.146 [info] > git config --get commit.template [10ms]
2023-10-06 14:14:45.272 [info] > git for-each-ref --format=%(refname)%00%(upstream:short)%00%(objectname)%00%(upstream:track)%00%(upstream:remotename)%00%(upstream:remoteref) refs/heads/main refs/remotes/main [132ms]
2023-10-06 14:14:45.316 [info] > git status -z -uall [36ms]
2023-10-06 14:14:45.750 [info] > git config --get commit.template [26ms]
2023-10-06 14:14:45.859 [info] > git for-each-ref --format=%(refname)%00%(upstream:short)%00%(objectname)%00%(upstream:track)%00%(upstream:remotename)%00%(upstream:remoteref) refs/heads/main refs/remotes/main [59ms]
2023-10-06 14:14:45.932 [info] > git status -z -uall [56ms]
2023-10-06 14:14:45.937 [info] > git show --textconv :node/server.js [19ms]
2023-10-06 14:14:45.975 [info] > git ls-files --stage -- /root/it3038c-scripts/node/server.js [51ms]
2023-10-06 14:14:46.304 [info] > git check-ignore -v -z --stdin [236ms]
2023-10-06 14:14:51.600 [info] > git config --get commit.template [10ms]
2023-10-06 14:14:51.602 [info] > git for-each-ref --format=%(refname)%00%(upstream:short)%00%(objectname)%00%(upstream:track)%00%(upstream:remotename)%00%(upstream:remoteref) refs/heads/main refs/remotes/main [2ms]
2023-10-06 14:14:51.612 [info] > git status -z -uall [5ms]
2023-10-06 14:14:56.648 [info] > git config --get commit.template [2ms]
2023-10-06 14:14:56.655 [info] > git for-each-ref --format=%(refname)%00%(upstream:short)%00%(objectname)%00%(upstream:track)%00%(upstream:remotename)%00%(upstream:remoteref) refs/heads/main refs/remotes/main [1ms]
2023-10-06 14:14:56.663 [info] > git status -z -uall [3ms]
2023-10-06 14:15:01.683 [info] > git config --get commit.template [6ms]
2023-10-06 14:15:01.683 [info] > git for-each-ref --format=%(refname)%00%(upstream:short)%00%(objectname)%00%(upstream:track)%00%(upstream:remotename)%00%(upstream:remoteref) refs/heads/main refs/remotes/main [2ms]
2023-10-06 14:15:01.692 [info] > git status -z -uall [4ms]
2023-10-06 14:15:06.728 [info] > git config --get commit.template [3ms]
2023-10-06 14:15:06.739 [info] > git for-each-ref --format=%(refname)%00%(upstream:short)%00%(objectname)%00%(upstream:track)%00%(upstream:remotename)%00%(upstream:remoteref) refs/heads/main refs/remotes/main [3ms]
2023-10-06 14:15:06.754 [info] > git status -z -uall [7ms]
2023-10-06 14:15:11.776 [info] > git config --get commit.template [1ms]
2023-10-06 14:15:11.796 [info] > git for-each-ref --format=%(refname)%00%(upstream:short)%00%(objectname)%00%(upstream:track)%00%(upstream:remotename)%00%(upstream:remoteref) refs/heads/main refs/remotes/main [9ms]
2023-10-06 14:15:11.815 [info] > git status -z -uall [5ms]
2023-10-06 14:15:16.835 [info] > git config --get commit.template [2ms]
2023-10-06 14:15:16.862 [info] > git for-each-ref --format=%(refname)%00%(upstream:short)%00%(objectname)%00%(upstream:track)%00%(upstream:remotename)%00%(upstream:remoteref) refs/heads/main refs/remotes/main [6ms]
2023-10-06 14:15:16.872 [info] > git status -z -uall [1ms]
2023-10-06 14:15:21.893 [info] > git config --get commit.template [1ms]
2023-10-06 14:15:21.902 [info] > git for-each-ref --format=%(refname)%00%(upstream:short)%00%(objectname)%00%(upstream:track)%00%(upstream:remotename)%00%(upstream:remoteref) refs/heads/main refs/remotes/main [1ms]
2023-10-06 14:15:21.911 [info] > git status -z -uall [2ms]
2023-10-06 14:15:26.938 [info] > git config --get commit.template [6ms]
2023-10-06 14:15:26.939 [info] > git for-each-ref --format=%(refname)%00%(upstream:short)%00%(objectname)%00%(upstream:track)%00%(upstream:remotename)%00%(upstream:remoteref) refs/heads/main refs/remotes/main [2ms]
2023-10-06 14:15:26.955 [info] > git status -z -uall [13ms]
2023-10-06 14:15:31.981 [info] > git config --get commit.template [7ms]
2023-10-06 14:15:31.984 [info] > git for-each-ref --format=%(refname)%00%(upstream:short)%00%(objectname)%00%(upstream:track)%00%(upstream:remotename)%00%(upstream:remoteref) refs/heads/main refs/remotes/main [4ms]
2023-10-06 14:15:31.996 [info] > git status -z -uall [5ms]
2023-10-06 14:16:13.700 [info] > git check-ignore -v -z --stdin [3ms]
2023-10-06 14:18:21.631 [info] > git config --get commit.template [2ms]
2023-10-06 14:18:21.649 [info] > git for-each-ref --format=%(refname)%00%(upstream:short)%00%(objectname)%00%(upstream:track)%00%(upstream:remotename)%00%(upstream:remoteref) refs/heads/main refs/remotes/main [5ms]
2023-10-06 14:18:21.663 [info] > git status -z -uall [3ms]
2023-10-06 14:18:36.285 [info] > git config --get commit.template [6ms]
2023-10-06 14:18:36.288 [info] > git for-each-ref --format=%(refname)%00%(upstream:short)%00%(objectname)%00%(upstream:track)%00%(upstream:remotename)%00%(upstream:remoteref) refs/heads/main refs/remotes/main [5ms]
2023-10-06 14:18:36.307 [info] > git status -z -uall [6ms]
2023-10-06 14:23:33.149 [info] > git for-each-ref --format=%(refname)%00%(upstream:short)%00%(objectname)%00%(upstream:track)%00%(upstream:remotename)%00%(upstream:remoteref) refs/heads/main refs/remotes/main [3ms]
2023-10-06 14:23:33.149 [info] > git config --get commit.template [18ms]
2023-10-06 14:23:33.164 [info] > git status -z -uall [10ms]
2023-10-06 14:23:38.193 [info] > git config --get commit.template [10ms]
2023-10-06 14:23:38.194 [info] > git for-each-ref --format=%(refname)%00%(upstream:short)%00%(objectname)%00%(upstream:track)%00%(upstream:remotename)%00%(upstream:remoteref) refs/heads/main refs/remotes/main [2ms]
2023-10-06 14:23:38.205 [info] > git status -z -uall [3ms]
2023-10-06 14:24:28.465 [info] > git config --get commit.template [7ms]
2023-10-06 14:24:28.466 [info] > git for-each-ref --format=%(refname)%00%(upstream:short)%00%(objectname)%00%(upstream:track)%00%(upstream:remotename)%00%(upstream:remoteref) refs/heads/main refs/remotes/main [2ms]
2023-10-06 14:24:28.474 [info] > git status -z -uall [4ms]
2023-10-06 14:24:47.189 [info] > git config --get commit.template [17ms]
2023-10-06 14:24:47.198 [info] > git for-each-ref --format=%(refname)%00%(upstream:short)%00%(objectname)%00%(upstream:track)%00%(upstream:remotename)%00%(upstream:remoteref) refs/heads/main refs/remotes/main [13ms]
2023-10-06 14:24:47.211 [info] > git status -z -uall [3ms]
2023-10-06 14:24:52.246 [info] > git config --get commit.template [3ms]
2023-10-06 14:24:52.254 [info] > git for-each-ref --format=%(refname)%00%(upstream:short)%00%(objectname)%00%(upstream:track)%00%(upstream:remotename)%00%(upstream:remoteref) refs/heads/main refs/remotes/main [3ms]
2023-10-06 14:24:52.260 [info] > git status -z -uall [3ms]
2023-10-06 14:24:57.290 [info] > git config --get commit.template [7ms]
2023-10-06 14:24:57.291 [info] > git for-each-ref --format=%(refname)%00%(upstream:short)%00%(objectname)%00%(upstream:track)%00%(upstream:remotename)%00%(upstream:remoteref) refs/heads/main refs/remotes/main [1ms]
2023-10-06 14:24:57.298 [info] > git status -z -uall [2ms]
2023-10-06 14:25:03.661 [info] > git config --get commit.template [17ms]
2023-10-06 14:25:03.662 [info] > git for-each-ref --format=%(refname)%00%(upstream:short)%00%(objectname)%00%(upstream:track)%00%(upstream:remotename)%00%(upstream:remoteref) refs/heads/main refs/remotes/main [3ms]
2023-10-06 14:25:03.671 [info] > git status -z -uall [3ms]
2023-10-06 14:25:10.721 [info] > git config --get commit.template [2ms]
2023-10-06 14:25:10.729 [info] > git for-each-ref --format=%(refname)%00%(upstream:short)%00%(objectname)%00%(upstream:track)%00%(upstream:remotename)%00%(upstream:remoteref) refs/heads/main refs/remotes/main [3ms]
2023-10-06 14:25:10.743 [info] > git status -z -uall [10ms]
2023-10-06 14:25:17.671 [info] > git config --get commit.template [8ms]
2023-10-06 14:25:17.674 [info] > git for-each-ref --format=%(refname)%00%(upstream:short)%00%(objectname)%00%(upstream:track)%00%(upstream:remotename)%00%(upstream:remoteref) refs/heads/main refs/remotes/main [4ms]
2023-10-06 14:25:17.682 [info] > git status -z -uall [4ms]
2023-10-06 14:25:22.707 [info] > git config --get commit.template [7ms]
2023-10-06 14:25:22.708 [info] > git for-each-ref --format=%(refname)%00%(upstream:short)%00%(objectname)%00%(upstream:track)%00%(upstream:remotename)%00%(upstream:remoteref) refs/heads/main refs/remotes/main [2ms]
2023-10-06 14:25:22.716 [info] > git status -z -uall [3ms]
2023-10-06 14:25:40.879 [info] > git config --get commit.template [10ms]
2023-10-06 14:25:40.882 [info] > git for-each-ref --format=%(refname)%00%(upstream:short)%00%(objectname)%00%(upstream:track)%00%(upstream:remotename)%00%(upstream:remoteref) refs/heads/main refs/remotes/main [5ms]
2023-10-06 14:25:40.891 [info] > git status -z -uall [4ms]
2023-10-06 14:25:45.914 [info] > git config --get commit.template [7ms]
2023-10-06 14:25:45.915 [info] > git for-each-ref --format=%(refname)%00%(upstream:short)%00%(objectname)%00%(upstream:track)%00%(upstream:remotename)%00%(upstream:remoteref) refs/heads/main refs/remotes/main [2ms]
2023-10-06 14:25:45.922 [info] > git status -z -uall [3ms]
2023-10-06 14:25:53.296 [info] > git config --get commit.template [3ms]
2023-10-06 14:25:53.307 [info] > git for-each-ref --format=%(refname)%00%(upstream:short)%00%(objectname)%00%(upstream:track)%00%(upstream:remotename)%00%(upstream:remoteref) refs/heads/main refs/remotes/main [2ms]
2023-10-06 14:25:53.314 [info] > git status -z -uall [3ms]
2023-10-06 14:26:28.467 [info] > git config --get commit.template [16ms]
2023-10-06 14:26:28.468 [info] > git for-each-ref --format=%(refname)%00%(upstream:short)%00%(objectname)%00%(upstream:track)%00%(upstream:remotename)%00%(upstream:remoteref) refs/heads/main refs/remotes/main [3ms]
2023-10-06 14:26:28.482 [info] > git status -z -uall [4ms]
2023-10-06 14:26:48.403 [info] > git config --get commit.template [6ms]
2023-10-06 14:26:48.405 [info] > git for-each-ref --format=%(refname)%00%(upstream:short)%00%(objectname)%00%(upstream:track)%00%(upstream:remotename)%00%(upstream:remoteref) refs/heads/main refs/remotes/main [2ms]
2023-10-06 14:26:48.417 [info] > git status -z -uall [1ms]
2023-10-06 14:26:53.448 [info] > git config --get commit.template [10ms]
2023-10-06 14:26:53.448 [info] > git for-each-ref --format=%(refname)%00%(upstream:short)%00%(objectname)%00%(upstream:track)%00%(upstream:remotename)%00%(upstream:remoteref) refs/heads/main refs/remotes/main [1ms]
2023-10-06 14:26:53.452 [info] > git status -z -uall [2ms]
2023-10-06 14:27:08.489 [info] > git config --get commit.template [9ms]
2023-10-06 14:27:08.491 [info] > git for-each-ref --format=%(refname)%00%(upstream:short)%00%(objectname)%00%(upstream:track)%00%(upstream:remotename)%00%(upstream:remoteref) refs/heads/main refs/remotes/main [2ms]
2023-10-06 14:27:08.520 [info] > git status -z -uall [21ms]
2023-10-06 14:27:13.551 [info] > git config --get commit.template [2ms]
2023-10-06 14:27:13.557 [info] > git for-each-ref --format=%(refname)%00%(upstream:short)%00%(objectname)%00%(upstream:track)%00%(upstream:remotename)%00%(upstream:remoteref) refs/heads/main refs/remotes/main [1ms]
2023-10-06 14:27:13.564 [info] > git status -z -uall [4ms]
2023-10-06 14:27:19.254 [info] > git config --get commit.template [2ms]
2023-10-06 14:27:19.257 [info] > git for-each-ref --format=%(refname)%00%(upstream:short)%00%(objectname)%00%(upstream:track)%00%(upstream:remotename)%00%(upstream:remoteref) refs/heads/main refs/remotes/main [1ms]
2023-10-06 14:27:19.276 [info] > git status -z -uall [7ms]
2023-10-06 14:27:24.300 [info] > git config --get commit.template [2ms]
2023-10-06 14:27:24.307 [info] > git for-each-ref --format=%(refname)%00%(upstream:short)%00%(objectname)%00%(upstream:track)%00%(upstream:remotename)%00%(upstream:remoteref) refs/heads/main refs/remotes/main [1ms]
2023-10-06 14:27:24.314 [info] > git status -z -uall [2ms]
2023-10-06 14:29:51.225 [info] > git config --get commit.template [7ms]
2023-10-06 14:29:51.229 [info] > git for-each-ref --format=%(refname)%00%(upstream:short)%00%(objectname)%00%(upstream:track)%00%(upstream:remotename)%00%(upstream:remoteref) refs/heads/main refs/remotes/main [5ms]
2023-10-06 14:29:51.238 [info] > git status -z -uall [5ms]
2023-10-06 14:29:56.261 [info] > git config --get commit.template [8ms]
2023-10-06 14:29:56.262 [info] > git for-each-ref --format=%(refname)%00%(upstream:short)%00%(objectname)%00%(upstream:track)%00%(upstream:remotename)%00%(upstream:remoteref) refs/heads/main refs/remotes/main [5ms]
2023-10-06 14:29:56.270 [info] > git status -z -uall [3ms]
2023-10-06 14:30:01.290 [info] > git config --get commit.template [8ms]
2023-10-06 14:30:01.291 [info] > git for-each-ref --format=%(refname)%00%(upstream:short)%00%(objectname)%00%(upstream:track)%00%(upstream:remotename)%00%(upstream:remoteref) refs/heads/main refs/remotes/main [1ms]
2023-10-06 14:30:01.300 [info] > git status -z -uall [4ms]
2023-10-06 14:30:24.273 [info] > git config --get commit.template [8ms]
2023-10-06 14:30:24.275 [info] > git for-each-ref --format=%(refname)%00%(upstream:short)%00%(objectname)%00%(upstream:track)%00%(upstream:remotename)%00%(upstream:remoteref) refs/heads/main refs/remotes/main [3ms]
2023-10-06 14:30:24.285 [info] > git status -z -uall [5ms]
2023-10-06 14:30:29.315 [info] > git config --get commit.template [12ms]
2023-10-06 14:30:29.316 [info] > git for-each-ref --format=%(refname)%00%(upstream:short)%00%(objectname)%00%(upstream:track)%00%(upstream:remotename)%00%(upstream:remoteref) refs/heads/main refs/remotes/main [3ms]
2023-10-06 14:30:29.323 [info] > git status -z -uall [3ms]
2023-10-06 14:30:49.340 [info] > git config --get commit.template [10ms]
2023-10-06 14:30:49.341 [info] > git for-each-ref --format=%(refname)%00%(upstream:short)%00%(objectname)%00%(upstream:track)%00%(upstream:remotename)%00%(upstream:remoteref) refs/heads/main refs/remotes/main [1ms]
2023-10-06 14:30:49.351 [info] > git status -z -uall [3ms]
2023-10-06 14:30:54.391 [info] > git config --get commit.template [10ms]
2023-10-06 14:30:54.394 [info] > git for-each-ref --format=%(refname)%00%(upstream:short)%00%(objectname)%00%(upstream:track)%00%(upstream:remotename)%00%(upstream:remoteref) refs/heads/main refs/remotes/main [5ms]
2023-10-06 14:30:54.406 [info] > git status -z -uall [4ms]
2023-10-06 14:31:08.760 [info] > git config --get commit.template [7ms]
2023-10-06 14:31:08.762 [info] > git for-each-ref --format=%(refname)%00%(upstream:short)%00%(objectname)%00%(upstream:track)%00%(upstream:remotename)%00%(upstream:remoteref) refs/heads/main refs/remotes/main [2ms]
2023-10-06 14:31:08.773 [info] > git status -z -uall [6ms]
2023-10-06 14:31:20.389 [info] > git config --get commit.template [7ms]
2023-10-06 14:31:20.390 [info] > git for-each-ref --format=%(refname)%00%(upstream:short)%00%(objectname)%00%(upstream:track)%00%(upstream:remotename)%00%(upstream:remoteref) refs/heads/main refs/remotes/main [1ms]
2023-10-06 14:31:20.398 [info] > git status -z -uall [2ms]
2023-10-06 14:31:28.473 [info] > git config --get commit.template [7ms]
2023-10-06 14:31:28.476 [info] > git for-each-ref --format=%(refname)%00%(upstream:short)%00%(objectname)%00%(upstream:track)%00%(upstream:remotename)%00%(upstream:remoteref) refs/heads/main refs/remotes/main [4ms]
2023-10-06 14:31:28.493 [info] > git status -z -uall [10ms]
2023-10-06 14:32:41.947 [info] > git config --get commit.template [6ms]
2023-10-06 14:32:41.955 [info] > git for-each-ref --format=%(refname)%00%(upstream:short)%00%(objectname)%00%(upstream:track)%00%(upstream:remotename)%00%(upstream:remoteref) refs/heads/main refs/remotes/main [2ms]
2023-10-06 14:32:41.962 [info] > git status -z -uall [3ms]
2023-10-06 14:32:46.984 [info] > git config --get commit.template [10ms]
2023-10-06 14:32:46.991 [info] > git for-each-ref --format=%(refname)%00%(upstream:short)%00%(objectname)%00%(upstream:track)%00%(upstream:remotename)%00%(upstream:remoteref) refs/heads/main refs/remotes/main [8ms]
2023-10-06 14:32:47.004 [info] > git status -z -uall [5ms]
2023-10-06 14:32:52.042 [info] > git config --get commit.template [13ms]
2023-10-06 14:32:52.043 [info] > git for-each-ref --format=%(refname)%00%(upstream:short)%00%(objectname)%00%(upstream:track)%00%(upstream:remotename)%00%(upstream:remoteref) refs/heads/main refs/remotes/main [2ms]
2023-10-06 14:32:52.056 [info] > git status -z -uall [6ms]
2023-10-06 14:32:57.077 [info] > git config --get commit.template [1ms]
2023-10-06 14:32:57.084 [info] > git for-each-ref --format=%(refname)%00%(upstream:short)%00%(objectname)%00%(upstream:track)%00%(upstream:remotename)%00%(upstream:remoteref) refs/heads/main refs/remotes/main [2ms]
2023-10-06 14:32:57.091 [info] > git status -z -uall [2ms]
2023-10-06 14:33:02.115 [info] > git config --get commit.template [2ms]
2023-10-06 14:33:02.124 [info] > git for-each-ref --format=%(refname)%00%(upstream:short)%00%(objectname)%00%(upstream:track)%00%(upstream:remotename)%00%(upstream:remoteref) refs/heads/main refs/remotes/main [1ms]
2023-10-06 14:33:02.131 [info] > git status -z -uall [3ms]
2023-10-06 14:33:13.393 [info] > git config --get commit.template [15ms]
2023-10-06 14:33:13.398 [info] > git for-each-ref --format=%(refname)%00%(upstream:short)%00%(objectname)%00%(upstream:track)%00%(upstream:remotename)%00%(upstream:remoteref) refs/heads/main refs/remotes/main [6ms]
2023-10-06 14:33:13.408 [info] > git status -z -uall [6ms]
2023-10-06 14:33:18.435 [info] > git config --get commit.template [3ms]
2023-10-06 14:33:18.448 [info] > git for-each-ref --format=%(refname)%00%(upstream:short)%00%(objectname)%00%(upstream:track)%00%(upstream:remotename)%00%(upstream:remoteref) refs/heads/main refs/remotes/main [3ms]
2023-10-06 14:33:18.470 [info] > git status -z -uall [9ms]
2023-10-06 14:33:23.490 [info] > git config --get commit.template [2ms]
2023-10-06 14:33:23.490 [info] > git for-each-ref --format=%(refname)%00%(upstream:short)%00%(objectname)%00%(upstream:track)%00%(upstream:remotename)%00%(upstream:remoteref) refs/heads/main refs/remotes/main [1ms]
2023-10-06 14:33:23.494 [info] > git status -z -uall [2ms]
2023-10-06 14:33:28.522 [info] > git config --get commit.template [3ms]
2023-10-06 14:33:28.530 [info] > git for-each-ref --format=%(refname)%00%(upstream:short)%00%(objectname)%00%(upstream:track)%00%(upstream:remotename)%00%(upstream:remoteref) refs/heads/main refs/remotes/main [2ms]
2023-10-06 14:33:28.536 [info] > git status -z -uall [3ms]
2023-10-06 14:34:28.470 [info] > git config --get commit.template [4ms]
2023-10-06 14:34:28.471 [info] > git for-each-ref --format=%(refname)%00%(upstream:short)%00%(objectname)%00%(upstream:track)%00%(upstream:remotename)%00%(upstream:remoteref) refs/heads/main refs/remotes/main [2ms]
2023-10-06 14:34:28.479 [info] > git status -z -uall [2ms]
2023-10-06 14:34:33.522 [info] > git config --get commit.template [11ms]
2023-10-06 14:34:33.523 [info] > git for-each-ref --format=%(refname)%00%(upstream:short)%00%(objectname)%00%(upstream:track)%00%(upstream:remotename)%00%(upstream:remoteref) refs/heads/main refs/remotes/main [3ms]
2023-10-06 14:34:33.539 [info] > git status -z -uall [11ms]
2023-10-06 14:34:40.941 [info] > git config --get commit.template [3ms]
2023-10-06 14:34:40.958 [info] > git for-each-ref --format=%(refname)%00%(upstream:short)%00%(objectname)%00%(upstream:track)%00%(upstream:remotename)%00%(upstream:remoteref) refs/heads/main refs/remotes/main [8ms]
2023-10-06 14:34:40.969 [info] > git status -z -uall [5ms]
2023-10-06 14:34:45.982 [info] > git config --get commit.template [1ms]
2023-10-06 14:34:45.990 [info] > git for-each-ref --format=%(refname)%00%(upstream:short)%00%(objectname)%00%(upstream:track)%00%(upstream:remotename)%00%(upstream:remoteref) refs/heads/main refs/remotes/main [2ms]
2023-10-06 14:34:45.998 [info] > git status -z -uall [3ms]
2023-10-06 14:34:51.021 [info] > git config --get commit.template [6ms]
2023-10-06 14:34:51.024 [info] > git for-each-ref --format=%(refname)%00%(upstream:short)%00%(objectname)%00%(upstream:track)%00%(upstream:remotename)%00%(upstream:remoteref) refs/heads/main refs/remotes/main [5ms]
2023-10-06 14:34:51.034 [info] > git status -z -uall [4ms]
2023-10-06 14:35:01.386 [info] > git config --get commit.template [2ms]
2023-10-06 14:35:01.394 [info] > git for-each-ref --format=%(refname)%00%(upstream:short)%00%(objectname)%00%(upstream:track)%00%(upstream:remotename)%00%(upstream:remoteref) refs/heads/main refs/remotes/main [2ms]
2023-10-06 14:35:01.403 [info] > git status -z -uall [3ms]
2023-10-06 14:35:28.505 [info] > git config --get commit.template [10ms]
2023-10-06 14:35:28.505 [info] > git for-each-ref --format=%(refname)%00%(upstream:short)%00%(objectname)%00%(upstream:track)%00%(upstream:remotename)%00%(upstream:remoteref) refs/heads/main refs/remotes/main [1ms]
2023-10-06 14:35:28.514 [info] > git status -z -uall [3ms]
2023-10-06 14:36:08.373 [info] > git config --get commit.template [8ms]
2023-10-06 14:36:08.374 [info] > git for-each-ref --format=%(refname)%00%(upstream:short)%00%(objectname)%00%(upstream:track)%00%(upstream:remotename)%00%(upstream:remoteref) refs/heads/main refs/remotes/main [2ms]
2023-10-06 14:36:08.382 [info] > git status -z -uall [4ms]
2023-10-06 14:36:55.583 [info] > git config --get commit.template [7ms]
2023-10-06 14:36:55.585 [info] > git for-each-ref --format=%(refname)%00%(upstream:short)%00%(objectname)%00%(upstream:track)%00%(upstream:remotename)%00%(upstream:remoteref) refs/heads/main refs/remotes/main [3ms]
2023-10-06 14:36:55.595 [info] > git status -z -uall [4ms]
2023-10-06 14:37:00.636 [info] > git config --get commit.template [11ms]
2023-10-06 14:37:00.637 [info] > git for-each-ref --format=%(refname)%00%(upstream:short)%00%(objectname)%00%(upstream:track)%00%(upstream:remotename)%00%(upstream:remoteref) refs/heads/main refs/remotes/main [2ms]
2023-10-06 14:37:00.644 [info] > git status -z -uall [2ms]
2023-10-06 14:37:05.680 [info] > git for-each-ref --format=%(refname)%00%(upstream:short)%00%(objectname)%00%(upstream:track)%00%(upstream:remotename)%00%(upstream:remoteref) refs/heads/main refs/remotes/main [4ms]
2023-10-06 14:37:05.680 [info] > git config --get commit.template [13ms]
2023-10-06 14:37:05.688 [info] > git status -z -uall [3ms]
2023-10-06 14:37:28.503 [info] > git config --get commit.template [7ms]
2023-10-06 14:37:28.504 [info] > git for-each-ref --format=%(refname)%00%(upstream:short)%00%(objectname)%00%(upstream:track)%00%(upstream:remotename)%00%(upstream:remoteref) refs/heads/main refs/remotes/main [2ms]
2023-10-06 14:37:28.512 [info] > git status -z -uall [2ms]
2023-10-06 14:37:33.551 [info] > git config --get commit.template [13ms]
2023-10-06 14:37:33.552 [info] > git for-each-ref --format=%(refname)%00%(upstream:short)%00%(objectname)%00%(upstream:track)%00%(upstream:remotename)%00%(upstream:remoteref) refs/heads/main refs/remotes/main [3ms]
2023-10-06 14:37:33.561 [info] > git status -z -uall [1ms]
2023-10-06 14:38:50.471 [info] > git config --get commit.template [8ms]
2023-10-06 14:38:50.474 [info] > git for-each-ref --format=%(refname)%00%(upstream:short)%00%(objectname)%00%(upstream:track)%00%(upstream:remotename)%00%(upstream:remoteref) refs/heads/main refs/remotes/main [5ms]
2023-10-06 14:38:50.489 [info] > git status -z -uall [9ms]
2023-10-06 14:39:08.185 [info] > git config --get commit.template [4ms]
2023-10-06 14:39:08.194 [info] > git for-each-ref --format=%(refname)%00%(upstream:short)%00%(objectname)%00%(upstream:track)%00%(upstream:remotename)%00%(upstream:remoteref) refs/heads/main refs/remotes/main [2ms]
2023-10-06 14:39:08.207 [info] > git status -z -uall [4ms]
2023-10-06 14:39:24.909 [info] > git config --get commit.template [12ms]
2023-10-06 14:39:24.910 [info] > git for-each-ref --format=%(refname)%00%(upstream:short)%00%(objectname)%00%(upstream:track)%00%(upstream:remotename)%00%(upstream:remoteref) refs/heads/main refs/remotes/main [4ms]
2023-10-06 14:39:24.929 [info] > git status -z -uall [6ms]
2023-10-06 14:39:29.944 [info] > git config --get commit.template [1ms]
2023-10-06 14:39:29.952 [info] > git for-each-ref --format=%(refname)%00%(upstream:short)%00%(objectname)%00%(upstream:track)%00%(upstream:remotename)%00%(upstream:remoteref) refs/heads/main refs/remotes/main [1ms]
2023-10-06 14:39:29.960 [info] > git status -z -uall [2ms]
2023-10-06 14:39:34.983 [info] > git config --get commit.template [2ms]
2023-10-06 14:39:34.991 [info] > git for-each-ref --format=%(refname)%00%(upstream:short)%00%(objectname)%00%(upstream:track)%00%(upstream:remotename)%00%(upstream:remoteref) refs/heads/main refs/remotes/main [1ms]
2023-10-06 14:39:34.999 [info] > git status -z -uall [3ms]
2023-10-06 14:39:40.038 [info] > git config --get commit.template [5ms]
2023-10-06 14:39:40.047 [info] > git for-each-ref --format=%(refname)%00%(upstream:short)%00%(objectname)%00%(upstream:track)%00%(upstream:remotename)%00%(upstream:remoteref) refs/heads/main refs/remotes/main [2ms]
2023-10-06 14:39:40.057 [info] > git status -z -uall [4ms]
2023-10-06 14:39:45.092 [info] > git config --get commit.template [15ms]
2023-10-06 14:39:45.093 [info] > git for-each-ref --format=%(refname)%00%(upstream:short)%00%(objectname)%00%(upstream:track)%00%(upstream:remotename)%00%(upstream:remoteref) refs/heads/main refs/remotes/main [2ms]
2023-10-06 14:39:45.101 [info] > git status -z -uall [3ms]
2023-10-06 14:39:50.142 [info] > git config --get commit.template [13ms]
2023-10-06 14:39:50.150 [info] > git for-each-ref --format=%(refname)%00%(upstream:short)%00%(objectname)%00%(upstream:track)%00%(upstream:remotename)%00%(upstream:remoteref) refs/heads/main refs/remotes/main [2ms]
2023-10-06 14:39:50.158 [info] > git status -z -uall [3ms]
2023-10-06 14:39:55.195 [info] > git config --get commit.template [13ms]
2023-10-06 14:39:55.196 [info] > git for-each-ref --format=%(refname)%00%(upstream:short)%00%(objectname)%00%(upstream:track)%00%(upstream:remotename)%00%(upstream:remoteref) refs/heads/main refs/remotes/main [2ms]
2023-10-06 14:39:55.208 [info] > git status -z -uall [3ms]
2023-10-06 14:40:00.232 [info] > git config --get commit.template [6ms]
2023-10-06 14:40:00.233 [info] > git for-each-ref --format=%(refname)%00%(upstream:short)%00%(objectname)%00%(upstream:track)%00%(upstream:remotename)%00%(upstream:remoteref) refs/heads/main refs/remotes/main [1ms]
2023-10-06 14:40:00.241 [info] > git status -z -uall [4ms]
2023-10-06 14:40:05.261 [info] > git config --get commit.template [7ms]
2023-10-06 14:40:05.263 [info] > git for-each-ref --format=%(refname)%00%(upstream:short)%00%(objectname)%00%(upstream:track)%00%(upstream:remotename)%00%(upstream:remoteref) refs/heads/main refs/remotes/main [3ms]
2023-10-06 14:40:05.278 [info] > git status -z -uall [6ms]
2023-10-06 14:40:10.315 [info] > git config --get commit.template [12ms]
2023-10-06 14:40:10.321 [info] > git for-each-ref --format=%(refname)%00%(upstream:short)%00%(objectname)%00%(upstream:track)%00%(upstream:remotename)%00%(upstream:remoteref) refs/heads/main refs/remotes/main [6ms]
2023-10-06 14:40:10.341 [info] > git status -z -uall [8ms]
2023-10-06 14:40:15.370 [info] > git config --get commit.template [8ms]
2023-10-06 14:40:15.371 [info] > git for-each-ref --format=%(refname)%00%(upstream:short)%00%(objectname)%00%(upstream:track)%00%(upstream:remotename)%00%(upstream:remoteref) refs/heads/main refs/remotes/main [2ms]
2023-10-06 14:40:15.380 [info] > git status -z -uall [2ms]
2023-10-06 14:40:20.413 [info] > git config --get commit.template [3ms]
2023-10-06 14:40:20.422 [info] > git for-each-ref --format=%(refname)%00%(upstream:short)%00%(objectname)%00%(upstream:track)%00%(upstream:remotename)%00%(upstream:remoteref) refs/heads/main refs/remotes/main [3ms]
2023-10-06 14:40:20.430 [info] > git status -z -uall [3ms]
2023-10-06 14:40:26.203 [info] > git config --get commit.template [6ms]
2023-10-06 14:40:26.204 [info] > git for-each-ref --format=%(refname)%00%(upstream:short)%00%(objectname)%00%(upstream:track)%00%(upstream:remotename)%00%(upstream:remoteref) refs/heads/main refs/remotes/main [1ms]
2023-10-06 14:40:26.212 [info] > git status -z -uall [4ms]
2023-10-06 14:40:31.228 [info] > git config --get commit.template [2ms]
2023-10-06 14:40:31.236 [info] > git for-each-ref --format=%(refname)%00%(upstream:short)%00%(objectname)%00%(upstream:track)%00%(upstream:remotename)%00%(upstream:remoteref) refs/heads/main refs/remotes/main [2ms]
2023-10-06 14:40:31.251 [info] > git status -z -uall [4ms]
2023-10-06 14:40:36.272 [info] > git config --get commit.template [3ms]
2023-10-06 14:40:36.280 [info] > git for-each-ref --format=%(refname)%00%(upstream:short)%00%(objectname)%00%(upstream:track)%00%(upstream:remotename)%00%(upstream:remoteref) refs/heads/main refs/remotes/main [2ms]
2023-10-06 14:40:36.292 [info] > git status -z -uall [4ms]
2023-10-06 14:40:41.316 [info] > git config --get commit.template [3ms]
2023-10-06 14:40:41.326 [info] > git for-each-ref --format=%(refname)%00%(upstream:short)%00%(objectname)%00%(upstream:track)%00%(upstream:remotename)%00%(upstream:remoteref) refs/heads/main refs/remotes/main [4ms]
2023-10-06 14:40:41.336 [info] > git status -z -uall [1ms]
2023-10-06 14:40:46.381 [info] > git config --get commit.template [21ms]
2023-10-06 14:40:46.382 [info] > git for-each-ref --format=%(refname)%00%(upstream:short)%00%(objectname)%00%(upstream:track)%00%(upstream:remotename)%00%(upstream:remoteref) refs/heads/main refs/remotes/main [4ms]
2023-10-06 14:40:46.394 [info] > git status -z -uall [5ms]
2023-10-06 14:40:51.438 [info] > git config --get commit.template [20ms]
2023-10-06 14:40:51.441 [info] > git for-each-ref --format=%(refname)%00%(upstream:short)%00%(objectname)%00%(upstream:track)%00%(upstream:remotename)%00%(upstream:remoteref) refs/heads/main refs/remotes/main [5ms]
2023-10-06 14:40:51.453 [info] > git status -z -uall [3ms]
2023-10-06 14:40:56.486 [info] > git config --get commit.template [13ms]
2023-10-06 14:40:56.487 [info] > git for-each-ref --format=%(refname)%00%(upstream:short)%00%(objectname)%00%(upstream:track)%00%(upstream:remotename)%00%(upstream:remoteref) refs/heads/main refs/remotes/main [3ms]
2023-10-06 14:40:56.504 [info] > git status -z -uall [5ms]
2023-10-06 14:41:01.542 [info] > git config --get commit.template [15ms]
2023-10-06 14:41:01.543 [info] > git for-each-ref --format=%(refname)%00%(upstream:short)%00%(objectname)%00%(upstream:track)%00%(upstream:remotename)%00%(upstream:remoteref) refs/heads/main refs/remotes/main [3ms]
2023-10-06 14:41:01.554 [info] > git status -z -uall [4ms]
2023-10-06 14:41:06.574 [info] > git config --get commit.template [5ms]
2023-10-06 14:41:06.575 [info] > git for-each-ref --format=%(refname)%00%(upstream:short)%00%(objectname)%00%(upstream:track)%00%(upstream:remotename)%00%(upstream:remoteref) refs/heads/main refs/remotes/main [1ms]
2023-10-06 14:41:06.581 [info] > git status -z -uall [3ms]
2023-10-06 14:41:11.616 [info] > git config --get commit.template [10ms]
2023-10-06 14:41:11.618 [info] > git for-each-ref --format=%(refname)%00%(upstream:short)%00%(objectname)%00%(upstream:track)%00%(upstream:remotename)%00%(upstream:remoteref) refs/heads/main refs/remotes/main [6ms]
2023-10-06 14:41:11.632 [info] > git status -z -uall [3ms]
2023-10-06 14:41:16.652 [info] > git config --get commit.template [3ms]
2023-10-06 14:41:16.666 [info] > git for-each-ref --format=%(refname)%00%(upstream:short)%00%(objectname)%00%(upstream:track)%00%(upstream:remotename)%00%(upstream:remoteref) refs/heads/main refs/remotes/main [4ms]
2023-10-06 14:41:16.676 [info] > git status -z -uall [4ms]
2023-10-06 14:41:21.714 [info] > git config --get commit.template [8ms]
2023-10-06 14:41:21.724 [info] > git for-each-ref --format=%(refname)%00%(upstream:short)%00%(objectname)%00%(upstream:track)%00%(upstream:remotename)%00%(upstream:remoteref) refs/heads/main refs/remotes/main [1ms]
2023-10-06 14:41:21.738 [info] > git status -z -uall [3ms]
2023-10-06 14:41:26.775 [info] > git config --get commit.template [10ms]
2023-10-06 14:41:26.776 [info] > git for-each-ref --format=%(refname)%00%(upstream:short)%00%(objectname)%00%(upstream:track)%00%(upstream:remotename)%00%(upstream:remoteref) refs/heads/main refs/remotes/main [2ms]
2023-10-06 14:41:26.784 [info] > git status -z -uall [3ms]
2023-10-06 14:41:31.812 [info] > git config --get commit.template [11ms]
2023-10-06 14:41:31.814 [info] > git for-each-ref --format=%(refname)%00%(upstream:short)%00%(objectname)%00%(upstream:track)%00%(upstream:remotename)%00%(upstream:remoteref) refs/heads/main refs/remotes/main [6ms]
2023-10-06 14:41:31.832 [info] > git status -z -uall [8ms]
2023-10-06 14:41:42.951 [info] > git config --get commit.template [11ms]
2023-10-06 14:41:42.969 [info] > git for-each-ref --format=%(refname)%00%(upstream:short)%00%(objectname)%00%(upstream:track)%00%(upstream:remotename)%00%(upstream:remoteref) refs/heads/main refs/remotes/main [2ms]
2023-10-06 14:41:42.979 [info] > git status -z -uall [4ms]
2023-10-06 14:41:48.009 [info] > git config --get commit.template [10ms]
2023-10-06 14:41:48.010 [info] > git for-each-ref --format=%(refname)%00%(upstream:short)%00%(objectname)%00%(upstream:track)%00%(upstream:remotename)%00%(upstream:remoteref) refs/heads/main refs/remotes/main [3ms]
2023-10-06 14:41:48.021 [info] > git status -z -uall [4ms]
2023-10-06 14:42:12.001 [info] > git config --get commit.template [14ms]
2023-10-06 14:42:12.003 [info] > git for-each-ref --format=%(refname)%00%(upstream:short)%00%(objectname)%00%(upstream:track)%00%(upstream:remotename)%00%(upstream:remoteref) refs/heads/main refs/remotes/main [6ms]
2023-10-06 14:42:12.019 [info] > git status -z -uall [3ms]
2023-10-06 14:42:21.017 [info] > git config --get commit.template [15ms]
2023-10-06 14:42:21.018 [info] > git for-each-ref --format=%(refname)%00%(upstream:short)%00%(objectname)%00%(upstream:track)%00%(upstream:remotename)%00%(upstream:remoteref) refs/heads/main refs/remotes/main [2ms]
2023-10-06 14:42:21.029 [info] > git status -z -uall [2ms]
2023-10-06 14:42:28.518 [info] > git config --get commit.template [10ms]
2023-10-06 14:42:28.519 [info] > git for-each-ref --format=%(refname)%00%(upstream:short)%00%(objectname)%00%(upstream:track)%00%(upstream:remotename)%00%(upstream:remoteref) refs/heads/main refs/remotes/main [1ms]
2023-10-06 14:42:28.527 [info] > git status -z -uall [2ms]
2023-10-06 14:42:52.468 [info] > git config --get commit.template [3ms]
2023-10-06 14:42:52.486 [info] > git for-each-ref --format=%(refname)%00%(upstream:short)%00%(objectname)%00%(upstream:track)%00%(upstream:remotename)%00%(upstream:remoteref) refs/heads/main refs/remotes/main [4ms]
2023-10-06 14:42:52.495 [info] > git status -z -uall [3ms]
2023-10-06 14:42:57.518 [info] > git config --get commit.template [7ms]
2023-10-06 14:42:57.520 [info] > git for-each-ref --format=%(refname)%00%(upstream:short)%00%(objectname)%00%(upstream:track)%00%(upstream:remotename)%00%(upstream:remoteref) refs/heads/main refs/remotes/main [3ms]
2023-10-06 14:42:57.531 [info] > git status -z -uall [6ms]
2023-10-06 14:43:08.456 [info] > git config --get commit.template [13ms]
2023-10-06 14:43:08.459 [info] > git for-each-ref --format=%(refname)%00%(upstream:short)%00%(objectname)%00%(upstream:track)%00%(upstream:remotename)%00%(upstream:remoteref) refs/heads/main refs/remotes/main [3ms]
2023-10-06 14:43:08.474 [info] > git status -z -uall [1ms]
2023-10-06 14:43:13.502 [info] > git config --get commit.template [4ms]
2023-10-06 14:43:13.503 [info] > git for-each-ref --format=%(refname)%00%(upstream:short)%00%(objectname)%00%(upstream:track)%00%(upstream:remotename)%00%(upstream:remoteref) refs/heads/main refs/remotes/main [2ms]
2023-10-06 14:43:13.510 [info] > git status -z -uall [4ms]
2023-10-06 14:43:31.488 [info] > git for-each-ref --format=%(refname)%00%(upstream:short)%00%(objectname)%00%(upstream:track)%00%(upstream:remotename)%00%(upstream:remoteref) refs/heads/main refs/remotes/main [1ms]
2023-10-06 14:43:31.488 [info] > git config --get commit.template [10ms]
2023-10-06 14:43:31.507 [info] > git status -z -uall [7ms]
2023-10-06 14:43:36.552 [info] > git config --get commit.template [11ms]
2023-10-06 14:43:36.552 [info] > git for-each-ref --format=%(refname)%00%(upstream:short)%00%(objectname)%00%(upstream:track)%00%(upstream:remotename)%00%(upstream:remoteref) refs/heads/main refs/remotes/main [2ms]
2023-10-06 14:43:36.560 [info] > git status -z -uall [3ms]
2023-10-06 14:44:07.412 [info] > git config --get commit.template [6ms]
2023-10-06 14:44:07.421 [info] > git for-each-ref --format=%(refname)%00%(upstream:short)%00%(objectname)%00%(upstream:track)%00%(upstream:remotename)%00%(upstream:remoteref) refs/heads/main refs/remotes/main [2ms]
2023-10-06 14:44:07.433 [info] > git status -z -uall [1ms]
2023-10-06 14:44:13.498 [info] > git config --get commit.template [7ms]
2023-10-06 14:44:13.499 [info] > git for-each-ref --format=%(refname)%00%(upstream:short)%00%(objectname)%00%(upstream:track)%00%(upstream:remotename)%00%(upstream:remoteref) refs/heads/main refs/remotes/main [2ms]
2023-10-06 14:44:13.515 [info] > git status -z -uall [5ms]
2023-10-06 14:44:18.551 [info] > git config --get commit.template [8ms]
2023-10-06 14:44:18.553 [info] > git for-each-ref --format=%(refname)%00%(upstream:short)%00%(objectname)%00%(upstream:track)%00%(upstream:remotename)%00%(upstream:remoteref) refs/heads/main refs/remotes/main [2ms]
2023-10-06 14:44:18.564 [info] > git status -z -uall [4ms]
2023-10-06 14:44:28.521 [info] > git config --get commit.template [10ms]
2023-10-06 14:44:28.522 [info] > git for-each-ref --format=%(refname)%00%(upstream:short)%00%(objectname)%00%(upstream:track)%00%(upstream:remotename)%00%(upstream:remoteref) refs/heads/main refs/remotes/main [1ms]
2023-10-06 14:44:28.534 [info] > git status -z -uall [5ms]
2023-10-06 14:44:33.564 [info] > git config --get commit.template [2ms]
2023-10-06 14:44:33.575 [info] > git for-each-ref --format=%(refname)%00%(upstream:short)%00%(objectname)%00%(upstream:track)%00%(upstream:remotename)%00%(upstream:remoteref) refs/heads/main refs/remotes/main [3ms]
2023-10-06 14:44:33.585 [info] > git status -z -uall [3ms]
2023-10-06 14:44:50.751 [info] > git config --get commit.template [3ms]
2023-10-06 14:44:50.759 [info] > git for-each-ref --format=%(refname)%00%(upstream:short)%00%(objectname)%00%(upstream:track)%00%(upstream:remotename)%00%(upstream:remoteref) refs/heads/main refs/remotes/main [2ms]
2023-10-06 14:44:50.766 [info] > git status -z -uall [2ms]
2023-10-06 14:46:26.382 [info] > git config --get commit.template [16ms]
2023-10-06 14:46:26.383 [info] > git for-each-ref --format=%(refname)%00%(upstream:short)%00%(objectname)%00%(upstream:track)%00%(upstream:remotename)%00%(upstream:remoteref) refs/heads/main refs/remotes/main [3ms]
2023-10-06 14:46:26.393 [info] > git status -z -uall [3ms]
2023-10-06 14:46:26.490 [info] > git ls-files --stage -- /root/it3038c-scripts/node/server.js [2ms]
2023-10-06 14:46:26.533 [info] > git show --textconv :node/server.js [1ms]
