2023-10-06 14:14:26.484 [info] Added views:workbench.panel.markers.view in workbench.panel.markers
2023-10-06 14:14:26.484 [info] Added views:workbench.panel.output in workbench.panel.output
2023-10-06 14:14:26.484 [info] Added views:terminal in terminal
2023-10-06 14:14:26.484 [info] Added views:outline in workbench.view.explorer
2023-10-06 14:14:26.485 [info] Added views:workbench.scm in workbench.view.scm
2023-10-06 14:14:26.485 [info] Added views:workbench.view.search in workbench.view.search
2023-10-06 14:14:26.485 [info] Added views:timeline in workbench.view.explorer
2023-10-06 14:14:26.485 [info] Added views:workbench.explorer.fileView in workbench.view.explorer
2023-10-06 14:14:26.907 [info] Added views:workbench.debug.variablesView,workbench.debug.watchExpressionsView,workbench.debug.callStackView,workbench.debug.breakPointsView in workbench.view.debug
2023-10-06 14:14:27.906 [info] Added views:~remote.forwardedPorts in ~remote.forwardedPortsContainer
2023-10-06 14:14:28.107 [info] Added views:workbench.panel.repl.view in workbench.panel.repl
2023-10-06 14:14:28.107 [info] Removed views:workbench.debug.breakPointsView,workbench.debug.callStackView,workbench.debug.watchExpressionsView,workbench.debug.variablesView from workbench.view.debug
2023-10-06 14:14:28.107 [info] Added views:workbench.debug.welcome in workbench.view.debug
2023-10-06 14:15:20.026 [info] Added views:workbench.debug.breakPointsView in workbench.view.debug
2023-10-06 14:15:22.396 [info] Removed views:workbench.debug.welcome from workbench.view.debug
2023-10-06 14:15:22.398 [info] Added views:workbench.debug.variablesView,workbench.debug.watchExpressionsView,workbench.debug.callStackView,workbench.debug.loadedScriptsView in workbench.view.debug
2023-10-06 14:15:22.851 [info] Removed views:workbench.debug.loadedScriptsView,workbench.debug.callStackView,workbench.debug.watchExpressionsView,workbench.debug.variablesView from workbench.view.debug
2023-10-06 14:15:22.851 [info] Added views:workbench.debug.welcome in workbench.view.debug
2023-10-06 14:15:22.853 [info] Removed views:workbench.debug.welcome from workbench.view.debug
2023-10-06 14:15:22.855 [info] Added views:workbench.debug.variablesView,workbench.debug.watchExpressionsView,workbench.debug.callStackView,workbench.debug.loadedScriptsView in workbench.view.debug
2023-10-06 14:15:22.876 [info] Removed views:workbench.debug.loadedScriptsView,workbench.debug.callStackView,workbench.debug.watchExpressionsView,workbench.debug.variablesView from workbench.view.debug
2023-10-06 14:15:22.877 [info] Added views:workbench.debug.welcome in workbench.view.debug
